<?xml version="1.0" encoding="utf-8"?><testsuites name="pytest tests"><testsuite name="pytest" errors="0" failures="0" skipped="2" tests="3" time="0.227" timestamp="2025-10-23T15:48:14.907380+05:30" hostname="LAPTOP-9SNDN07V"><testcase classname="test_Practice01" name="test_greater" time="0.004"><skipped type="pytest.xfail" message="" /></testcase><testcase classname="test_Practice01" name="test_equal" time="0.001"><skipped type="pytest.skip" message="unconditional skip">C:\Users\Niladri\OneDrive\Desktop\Python\SDET\test_Practice01.py:8: unconditional skip</skipped></testcase><testcase classname="test_Practice01" name="test_lesser" time="0.002" /></testsuite></testsuites>